p/204.jpg 1 0 0 169 299
p/203.jpg 1 0 0 237 360
p/201.jpg 1 0 0 240 360
p/200.jpg 1 0 0 540 360
p/219.png 1 0 0 509 426
p/218.png 1 0 0 256 256
p/217.png 1 0 0 256 256
p/216.png 1 0 0 256 256
p/215.png 1 0 0 256 256
p/214.png 1 0 0 256 256
p/213.png 1 0 0 256 256
p/212.png 1 0 0 256 256
p/211.png 1 0 0 256 256
p/210.png 1 0 0 256 256
p/209.png 1 0 0 256 256
p/208.png 1 0 0 554 483
p/207.png 1 0 0 256 256
p/206.png 1 0 0 256 256
p/205.png 1 0 0 256 256
p/204.png 1 0 0 256 256
p/203.png 1 0 0 256 256
p/202.png 1 0 0 256 256
p/201.png 1 0 0 256 256
p/200.png 1 0 0 256 256
p/199.png 1 0 0 256 256
p/198.png 1 0 0 256 256
p/197.png 1 0 0 466 415
p/196.png 1 0 0 256 256
p/195.png 1 0 0 256 256
p/194.png 1 0 0 256 256
p/193.png 1 0 0 256 256
p/192.png 1 0 0 256 256
p/191.png 1 0 0 256 256
p/190.png 1 0 0 256 256
p/189.png 1 0 0 256 256
p/182.png 1 0 0 256 256
p/181.png 1 0 0 256 256
p/180.png 1 0 0 256 256
p/179.png 1 0 0 256 256
p/178.png 1 0 0 256 256
p/177.png 1 0 0 256 256
p/176.png 1 0 0 256 256
p/165.png 1 0 0 3000 4000
p/164.png 1 0 0 402 311
p/163.png 1 0 0 2992 2992
p/161.png 1 0 0 2992 2992
p/158.png 1 0 0 2992 2992
p/157.png 1 0 0 2992 2992
p/156.png 1 0 0 2992 2992
p/149.png 1 0 0 2992 2992
p/148.png 1 0 0 1496 1496
p/146.png 1 0 0 2992 2992
p/145.png 1 0 0 2992 2992
p/144.png 1 0 0 2992 2992
p/143.png 1 0 0 2992 2992
p/142.png 1 0 0 602 559
p/141.png 1 0 0 1496 1496
p/140.png 1 0 0 1496 1496
p/138.png 1 0 0 2992 2992
p/137.png 1 0 0 2992 2992
p/136.png 1 0 0 2992 2992
p/135.png 1 0 0 614 516
p/134.png 1 0 0 461 462
p/132.png 1 0 0 792 604
p/131.png 1 0 0 693 573
p/129.png 1 0 0 756 615
p/128.png 1 0 0 653 615
p/127.png 1 0 0 744 548
p/126.png 1 0 0 662 574
p/125.png 1 0 0 548 476
p/124.png 1 0 0 590 521
p/123.png 1 0 0 418 293
p/122.png 1 0 0 605 515
p/121.png 1 0 0 686 652
p/120.png 1 0 0 559 605
p/119.png 1 0 0 583 539
p/118.png 1 0 0 611 602
p/117.png 1 0 0 593 582
p/116.png 1 0 0 713 545
p/115.png 1 0 0 515 447
p/114.png 1 0 0 496 436
p/113.png 1 0 0 607 412
p/111.png 1 0 0 551 399
p/110.png 1 0 0 476 348
p/109.png 1 0 0 683 577
p/108.png 1 0 0 748 495
p/106.png 1 0 0 544 412
p/105.png 1 0 0 520 540
p/104.png 1 0 0 593 564
p/103.png 1 0 0 567 564
p/102.png 1 0 0 528 564
p/101.png 1 0 0 766 625
p/98.png 1 0 0 570 477
p/97.png 1 0 0 620 616
p/96.png 1 0 0 712 688
p/95.png 1 0 0 875 641
p/94.png 1 0 0 716 588
p/93.png 1 0 0 706 612
p/92.png 1 0 0 662 606
p/91.png 1 0 0 784 596
p/90.png 1 0 0 533 547
p/89.png 1 0 0 677 560
p/88.png 1 0 0 590 521
p/87.png 1 0 0 390 387
p/86.png 1 0 0 514 490
p/85.png 1 0 0 530 428
p/84.png 1 0 0 646 555
p/83.png 1 0 0 475 555
p/82.png 1 0 0 703 541
p/81.png 1 0 0 502 500
p/80.png 1 0 0 502 444
p/79.png 1 0 0 472 482
p/78.png 1 0 0 732 633
p/77.png 1 0 0 604 544
p/76.png 1 0 0 665 630
p/75.png 1 0 0 478 479
p/74.png 1 0 0 719 538
p/73.png 1 0 0 648 576
p/72.png 1 0 0 564 575
p/71.png 1 0 0 595 522
p/70.png 1 0 0 552 519
p/69.png 1 0 0 395 367
p/68.png 1 0 0 546 488
p/67.png 1 0 0 449 418
p/66.png 1 0 0 631 532
p/65.png 1 0 0 537 532
p/64.png 1 0 0 454 450
p/63.png 1 0 0 339 357
p/62.png 1 0 0 503 465
p/61.png 1 0 0 570 527
p/60.png 1 0 0 661 508
p/59.png 1 0 0 381 328
p/58.png 1 0 0 349 358
p/57.png 1 0 0 615 556
p/56.png 1 0 0 692 600
p/55.png 1 0 0 617 524
p/54.png 1 0 0 763 614
p/53.png 1 0 0 523 590
p/52.png 1 0 0 691 556
p/51.png 1 0 0 617 557
p/50.png 1 0 0 509 470
p/49.png 1 0 0 366 384
p/48.png 1 0 0 537 516
p/47.png 1 0 0 376 359
p/46.png 1 0 0 401 351
p/45.png 1 0 0 478 445
p/44.png 1 0 0 370 376
p/43.png 1 0 0 555 529
p/42.png 1 0 0 528 461
p/41.png 1 0 0 664 540
p/40.png 1 0 0 617 506
p/39.png 1 0 0 563 579
p/38.png 1 0 0 565 481
p/37.png 1 0 0 720 630
p/36.png 1 0 0 368 359
p/35.png 1 0 0 642 615
p/34.png 1 0 0 400 434
p/33.png 1 0 0 346 385
p/32.png 1 0 0 529 416
p/31.png 1 0 0 688 655
p/30.png 1 0 0 441 354
p/29.png 1 0 0 425 312
p/28.png 1 0 0 408 371
p/27.png 1 0 0 613 552
p/26.png 1 0 0 345 362
p/25.png 1 0 0 411 372
p/23.png 1 0 0 669 580
p/22.png 1 0 0 778 697
p/21.png 1 0 0 658 652
p/19.png 1 0 0 741 555
p/18.png 1 0 0 588 538
p/17.png 1 0 0 642 513
p/16.png 1 0 0 723 589
p/15.png 1 0 0 680 553
p/14.png 1 0 0 797 691
p/13.png 1 0 0 576 509
p/11.png 1 0 0 468 485
p/10.png 1 0 0 480 471
p/9.png 1 0 0 427 438
p/8.png 1 0 0 630 573
p/7.png 1 0 0 687 617
p/6.png 1 0 0 382 292
p/5.png 1 0 0 457 369
p/4.png 1 0 0 487 360
p/3.png 1 0 0 535 535
p/2.png 1 0 0 573 567
p/1.png 1 0 0 640 569
p/0.png 1 0 0 543 548